<?xml version="1.0" encoding="UTF-8"?>
<!-- Generated by org.testng.reporters.JUnitReportReporter -->
<testsuite skipped="0" hostname="Kawsars-MacBook-Pro-2.local" name="rahulshettyacademy.tests.SubmitOrderTest" tests="3" failures="0" timestamp="17 Oct 2022 22:50:25 GMT" time="23.054" errors="0">
  <testcase name="OrderHistoryTest" time="5.245" classname="rahulshettyacademy.tests.SubmitOrderTest"/>
  <testcase name="submitOrder" time="10.095" classname="rahulshettyacademy.tests.SubmitOrderTest"/>
  <testcase name="submitOrder" time="7.714" classname="rahulshettyacademy.tests.SubmitOrderTest"/>
</testsuite> <!-- rahulshettyacademy.tests.SubmitOrderTest -->
