<?xml version="1.0" encoding="UTF-8"?>
<!-- Generated by org.testng.reporters.JUnitReportReporter -->
<testsuite hostname="Kawsars-MacBook-Pro-2.local" failures="0" tests="3" name="rahulshettyacademy.tests.SubmitOrderTest" time="22.743" errors="0" timestamp="17 Oct 2022 22:53:03 GMT" skipped="0">
  <testcase classname="rahulshettyacademy.tests.SubmitOrderTest" name="submitOrder" time="8.801"/>
  <testcase classname="rahulshettyacademy.tests.SubmitOrderTest" name="submitOrder" time="7.768"/>
  <testcase classname="rahulshettyacademy.tests.SubmitOrderTest" name="OrderHistoryTest" time="6.174"/>
</testsuite> <!-- rahulshettyacademy.tests.SubmitOrderTest -->
